Vivado Simulator 2019.1
Copyright 1986-1999, 2001-2019 Xilinx, Inc. All Rights Reserved.
Running: C:/Xilinx/Vivado/2019.1/bin/unwrapped/win64.o/xelab.exe -wto 56409295e21c4733b8bb1f2a4776a274 --incr --debug typical --relax --mt 2 -L xil_defaultlib -L unisims_ver -L unimacro_ver -L secureip --snapshot WallClock_behav xil_defaultlib.WallClock xil_defaultlib.glbl -log elaborate.log 
Using 2 slave threads.
Starting static elaboration
WARNING: [VRFC 10-3091] actual bit length 1 differs from formal bit length 4 for port 'BCD7' [C:/Users/heath/Downloads/Clock.v:36]
WARNING: [VRFC 10-3091] actual bit length 1 differs from formal bit length 8 for port 'SegmentDrivers' [C:/Users/heath/Downloads/Clock.v:37]
Completed static elaboration
Starting simulation data flow analysis
WARNING: [XSIM 43-4099] "C:/Users/heath/Downloads/SS_Driver.v" Line 1. Module SS_Driver doesn't have a timescale but at least one module in design has a timescale.
WARNING: [XSIM 43-4099] "C:/Users/heath/Downloads/BCD_Decoder.v" Line 1. Module BCD_Decoder doesn't have a timescale but at least one module in design has a timescale.
WARNING: [XSIM 43-4099] "C:/Users/heath/Downloads/BCD_Decoder.v" Line 1. Module BCD_Decoder doesn't have a timescale but at least one module in design has a timescale.
WARNING: [XSIM 43-4099] "C:/Users/heath/Downloads/BCD_Decoder.v" Line 1. Module BCD_Decoder doesn't have a timescale but at least one module in design has a timescale.
WARNING: [XSIM 43-4099] "C:/Users/heath/Downloads/BCD_Decoder.v" Line 1. Module BCD_Decoder doesn't have a timescale but at least one module in design has a timescale.
WARNING: [XSIM 43-4099] "C:/Users/heath/Downloads/BCD_Decoder.v" Line 1. Module BCD_Decoder doesn't have a timescale but at least one module in design has a timescale.
WARNING: [XSIM 43-4099] "C:/Users/heath/Downloads/BCD_Decoder.v" Line 1. Module BCD_Decoder doesn't have a timescale but at least one module in design has a timescale.
WARNING: [XSIM 43-4099] "C:/Users/heath/Downloads/BCD_Decoder.v" Line 1. Module BCD_Decoder doesn't have a timescale but at least one module in design has a timescale.
WARNING: [XSIM 43-4099] "C:/Users/heath/Downloads/BCD_Decoder.v" Line 1. Module BCD_Decoder doesn't have a timescale but at least one module in design has a timescale.
Completed simulation data flow analysis
Time Resolution for simulation is 1ps
Compiling module xil_defaultlib.BCD_Decoder
Compiling module xil_defaultlib.SS_Driver
Compiling module xil_defaultlib.WallClock
Compiling module xil_defaultlib.glbl
Built simulation snapshot WallClock_behav
